<?xml version="1.0" encoding="UTF-8"?>
<!-- Generated by org.testng.reporters.JUnitReportReporter -->
<testsuite hostname="IN-1Y872J3" failures="0" tests="1" name="Runners.SearchCarsRunner" time="52.423" errors="0" timestamp="2022-06-14T14:18:20 GMT+05:30" skipped="0">
  <testcase classname="Runners.SearchCarsRunner" name="runScenario" time="52.423"/>
  <system-out/>
</testsuite> <!-- Runners.SearchCarsRunner -->
